2025-04-15 12:30:57,970 [main] INFO  org.Emberalive.db_access.Db_Access - Database connection established!
2025-04-15 12:30:57,971 [main] INFO  org.Emberalive.dataStructures.bucket.Bucket_Queue - Filling Tickets from the Database
2025-04-15 12:30:57,985 [main] INFO  org.Emberalive.dataStructures.bucket.Simple_Queue - Enqueued ticket: Ticket{ (ID: '11') (Date: '2025-04-14') (Issue: 'osjbgiows') (Username: 'samm') (Status: 'Active') (Handled By: 'Mia')}
2025-04-15 12:30:57,985 [main] INFO  org.Emberalive.dataStructures.bucket.Simple_Queue - Enqueued ticket: Ticket{ (ID: '12') (Date: '2025-04-14') (Issue: 'dfhnaeht') (Username: 'samm') (Status: 'Active') (Handled By: 'Lucas')}
2025-04-15 12:30:57,985 [main] INFO  org.Emberalive.dataStructures.bucket.Simple_Queue - Enqueued ticket: Ticket{ (ID: '13') (Date: '2025-04-14') (Issue: 'DFHAFDRSHFDS') (Username: 'samm') (Status: 'InActive') (Handled By: 'Not Assigned')}
2025-04-15 12:30:57,985 [main] INFO  org.Emberalive.dataStructures.bucket.Simple_Queue - Enqueued ticket: Ticket{ (ID: '15') (Date: '2025-04-14') (Issue: 'zdfhhvddf') (Username: 'samm') (Status: 'InActive') (Handled By: 'Not Assigned')}
2025-04-15 12:30:57,985 [main] INFO  org.Emberalive.dataStructures.bucket.Simple_Queue - Enqueued ticket: Ticket{ (ID: '16') (Date: '2025-04-14') (Issue: 'dfhargs') (Username: 'samm') (Status: 'InActive') (Handled By: 'Not Assigned')}
2025-04-15 12:30:57,985 [main] INFO  org.Emberalive.dataStructures.bucket.Simple_Queue - Enqueued ticket: Ticket{ (ID: '17') (Date: '2025-04-14') (Issue: 'dngrsarea') (Username: 'samm') (Status: 'Active') (Handled By: 'Sophia')}
2025-04-15 12:31:01,540 [AWT-EventQueue-0] INFO  org.Emberalive.login.LoginModel - Login attempt for User: samm
2025-04-15 12:31:01,628 [AWT-EventQueue-0] INFO  org.Emberalive.db_access.Db_Access - Database connection established!
2025-04-15 12:31:01,639 [AWT-EventQueue-0] INFO  org.Emberalive.login.LoginModel - Verifying User: samm
2025-04-15 12:31:01,864 [AWT-EventQueue-0] INFO  org.Emberalive.login.LoginModel - Login successful
2025-04-15 12:31:01,865 [AWT-EventQueue-0] INFO  org.Emberalive.login.LoginModel - Opening User: samm's Account
2025-04-15 12:31:01,955 [AWT-EventQueue-0] INFO  org.Emberalive.db_access.Db_Access - Database connection established!
2025-04-15 12:31:01,955 [AWT-EventQueue-0] INFO  org.Emberalive.db_access.Db_Access - Getting user tickets from the Database
2025-04-15 12:31:01,966 [AWT-EventQueue-0] INFO  org.Emberalive.db_access.Db_Access - Moving tickets to the userView
2025-04-15 12:31:01,966 [AWT-EventQueue-0] INFO  org.Emberalive.db_access.Db_Access - Getting ticket: Ticket{ (ID: '1') (Date: '2025-04-14') (Issue: 'aegsddgsA') (Username: 'samm') (Status: 'Complete') (Handled By: 'Olivia')} for user: samm
2025-04-15 12:31:01,966 [AWT-EventQueue-0] INFO  org.Emberalive.db_access.Db_Access - Getting ticket: Ticket{ (ID: '2') (Date: '2025-04-14') (Issue: 'SDFAGASGA') (Username: 'samm') (Status: 'Complete') (Handled By: 'Olivia')} for user: samm
2025-04-15 12:31:01,966 [AWT-EventQueue-0] INFO  org.Emberalive.db_access.Db_Access - Getting ticket: Ticket{ (ID: '3') (Date: '2025-04-14') (Issue: 'treheaefd') (Username: 'samm') (Status: 'Complete') (Handled By: 'Olivia')} for user: samm
2025-04-15 12:31:01,966 [AWT-EventQueue-0] INFO  org.Emberalive.db_access.Db_Access - Getting ticket: Ticket{ (ID: '4') (Date: '2025-04-14') (Issue: 'erthrsdzg') (Username: 'samm') (Status: 'Complete') (Handled By: 'Olivia')} for user: samm
2025-04-15 12:31:01,966 [AWT-EventQueue-0] INFO  org.Emberalive.db_access.Db_Access - Getting ticket: Ticket{ (ID: '5') (Date: '2025-04-14') (Issue: 'hdfgsh') (Username: 'samm') (Status: 'Complete') (Handled By: 'Olivia')} for user: samm
2025-04-15 12:31:01,966 [AWT-EventQueue-0] INFO  org.Emberalive.db_access.Db_Access - Getting ticket: Ticket{ (ID: '6') (Date: '2025-04-14') (Issue: 'srfjtgh4rw4') (Username: 'samm') (Status: 'Complete') (Handled By: 'Olivia')} for user: samm
2025-04-15 12:31:01,966 [AWT-EventQueue-0] INFO  org.Emberalive.db_access.Db_Access - Getting ticket: Ticket{ (ID: '8') (Date: '2025-04-14') (Issue: 'rthfghsf') (Username: 'samm') (Status: 'Complete') (Handled By: 'Olivia')} for user: samm
2025-04-15 12:31:01,966 [AWT-EventQueue-0] INFO  org.Emberalive.db_access.Db_Access - Getting ticket: Ticket{ (ID: '9') (Date: '2025-04-14') (Issue: 'blah blah ') (Username: 'samm') (Status: 'Complete') (Handled By: 'Olivia')} for user: samm
2025-04-15 12:31:01,967 [AWT-EventQueue-0] INFO  org.Emberalive.db_access.Db_Access - Getting ticket: Ticket{ (ID: '10') (Date: '2025-04-14') (Issue: 'iduhb9aediubg') (Username: 'samm') (Status: 'Complete') (Handled By: 'Olivia')} for user: samm
2025-04-15 12:31:01,967 [AWT-EventQueue-0] INFO  org.Emberalive.db_access.Db_Access - Getting ticket: Ticket{ (ID: '11') (Date: '2025-04-14') (Issue: 'osjbgiows') (Username: 'samm') (Status: 'Active') (Handled By: 'Mia')} for user: samm
2025-04-15 12:31:01,967 [AWT-EventQueue-0] INFO  org.Emberalive.db_access.Db_Access - Getting ticket: Ticket{ (ID: '12') (Date: '2025-04-14') (Issue: 'dfhnaeht') (Username: 'samm') (Status: 'Active') (Handled By: 'Lucas')} for user: samm
2025-04-15 12:31:01,967 [AWT-EventQueue-0] INFO  org.Emberalive.db_access.Db_Access - Getting ticket: Ticket{ (ID: '13') (Date: '2025-04-14') (Issue: 'DFHAFDRSHFDS') (Username: 'samm') (Status: 'InActive') (Handled By: 'Not Assigned')} for user: samm
2025-04-15 12:31:01,967 [AWT-EventQueue-0] INFO  org.Emberalive.db_access.Db_Access - Getting ticket: Ticket{ (ID: '14') (Date: '2025-04-14') (Issue: 'dfhafhaqd') (Username: 'samm') (Status: 'Complete') (Handled By: 'Lucas')} for user: samm
2025-04-15 12:31:01,967 [AWT-EventQueue-0] INFO  org.Emberalive.db_access.Db_Access - Getting ticket: Ticket{ (ID: '15') (Date: '2025-04-14') (Issue: 'zdfhhvddf') (Username: 'samm') (Status: 'InActive') (Handled By: 'Not Assigned')} for user: samm
2025-04-15 12:31:01,967 [AWT-EventQueue-0] INFO  org.Emberalive.db_access.Db_Access - Getting ticket: Ticket{ (ID: '16') (Date: '2025-04-14') (Issue: 'dfhargs') (Username: 'samm') (Status: 'InActive') (Handled By: 'Not Assigned')} for user: samm
2025-04-15 12:31:01,967 [AWT-EventQueue-0] INFO  org.Emberalive.db_access.Db_Access - Getting ticket: Ticket{ (ID: '17') (Date: '2025-04-14') (Issue: 'dngrsarea') (Username: 'samm') (Status: 'Active') (Handled By: 'Sophia')} for user: samm
2025-04-15 12:31:02,815 [AWT-EventQueue-0] INFO  org.Emberalive.db_access.Db_Access - Database connection established!
2025-04-15 12:31:02,836 [AWT-EventQueue-0] INFO  org.Emberalive.user.UserView - Opening delete ticket confirmation
2025-04-15 12:31:04,929 [AWT-EventQueue-0] INFO  org.Emberalive.db_access.Db_Access - Database connection established!
2025-04-15 12:31:04,930 [AWT-EventQueue-0] INFO  org.Emberalive.user.DeleteTicket.DeleteTicketModel - Attempting to deleting ticket: 5
2025-04-15 12:31:04,949 [AWT-EventQueue-0] INFO  org.Emberalive.user.DeleteTicket.DeleteTicketModel - Ticket 5 has been deleted
2025-04-15 12:31:05,021 [AWT-EventQueue-0] INFO  org.Emberalive.db_access.Db_Access - Database connection established!
2025-04-15 12:31:05,021 [AWT-EventQueue-0] INFO  org.Emberalive.db_access.Db_Access - Getting user tickets from the Database
2025-04-15 12:31:05,030 [AWT-EventQueue-0] INFO  org.Emberalive.db_access.Db_Access - Moving tickets to the userView
2025-04-15 12:31:05,030 [AWT-EventQueue-0] INFO  org.Emberalive.db_access.Db_Access - Getting ticket: Ticket{ (ID: '1') (Date: '2025-04-14') (Issue: 'aegsddgsA') (Username: 'samm') (Status: 'Complete') (Handled By: 'Olivia')} for user: samm
2025-04-15 12:31:05,030 [AWT-EventQueue-0] INFO  org.Emberalive.db_access.Db_Access - Getting ticket: Ticket{ (ID: '2') (Date: '2025-04-14') (Issue: 'SDFAGASGA') (Username: 'samm') (Status: 'Complete') (Handled By: 'Olivia')} for user: samm
2025-04-15 12:31:05,031 [AWT-EventQueue-0] INFO  org.Emberalive.db_access.Db_Access - Getting ticket: Ticket{ (ID: '3') (Date: '2025-04-14') (Issue: 'treheaefd') (Username: 'samm') (Status: 'Complete') (Handled By: 'Olivia')} for user: samm
2025-04-15 12:31:05,031 [AWT-EventQueue-0] INFO  org.Emberalive.db_access.Db_Access - Getting ticket: Ticket{ (ID: '4') (Date: '2025-04-14') (Issue: 'erthrsdzg') (Username: 'samm') (Status: 'Complete') (Handled By: 'Olivia')} for user: samm
2025-04-15 12:31:05,031 [AWT-EventQueue-0] INFO  org.Emberalive.db_access.Db_Access - Getting ticket: Ticket{ (ID: '6') (Date: '2025-04-14') (Issue: 'srfjtgh4rw4') (Username: 'samm') (Status: 'Complete') (Handled By: 'Olivia')} for user: samm
2025-04-15 12:31:05,031 [AWT-EventQueue-0] INFO  org.Emberalive.db_access.Db_Access - Getting ticket: Ticket{ (ID: '8') (Date: '2025-04-14') (Issue: 'rthfghsf') (Username: 'samm') (Status: 'Complete') (Handled By: 'Olivia')} for user: samm
2025-04-15 12:31:05,031 [AWT-EventQueue-0] INFO  org.Emberalive.db_access.Db_Access - Getting ticket: Ticket{ (ID: '9') (Date: '2025-04-14') (Issue: 'blah blah ') (Username: 'samm') (Status: 'Complete') (Handled By: 'Olivia')} for user: samm
2025-04-15 12:31:05,031 [AWT-EventQueue-0] INFO  org.Emberalive.db_access.Db_Access - Getting ticket: Ticket{ (ID: '10') (Date: '2025-04-14') (Issue: 'iduhb9aediubg') (Username: 'samm') (Status: 'Complete') (Handled By: 'Olivia')} for user: samm
2025-04-15 12:31:05,031 [AWT-EventQueue-0] INFO  org.Emberalive.db_access.Db_Access - Getting ticket: Ticket{ (ID: '11') (Date: '2025-04-14') (Issue: 'osjbgiows') (Username: 'samm') (Status: 'Active') (Handled By: 'Mia')} for user: samm
2025-04-15 12:31:05,031 [AWT-EventQueue-0] INFO  org.Emberalive.db_access.Db_Access - Getting ticket: Ticket{ (ID: '12') (Date: '2025-04-14') (Issue: 'dfhnaeht') (Username: 'samm') (Status: 'Active') (Handled By: 'Lucas')} for user: samm
2025-04-15 12:31:05,031 [AWT-EventQueue-0] INFO  org.Emberalive.db_access.Db_Access - Getting ticket: Ticket{ (ID: '13') (Date: '2025-04-14') (Issue: 'DFHAFDRSHFDS') (Username: 'samm') (Status: 'InActive') (Handled By: 'Not Assigned')} for user: samm
2025-04-15 12:31:05,032 [AWT-EventQueue-0] INFO  org.Emberalive.db_access.Db_Access - Getting ticket: Ticket{ (ID: '14') (Date: '2025-04-14') (Issue: 'dfhafhaqd') (Username: 'samm') (Status: 'Complete') (Handled By: 'Lucas')} for user: samm
2025-04-15 12:31:05,032 [AWT-EventQueue-0] INFO  org.Emberalive.db_access.Db_Access - Getting ticket: Ticket{ (ID: '15') (Date: '2025-04-14') (Issue: 'zdfhhvddf') (Username: 'samm') (Status: 'InActive') (Handled By: 'Not Assigned')} for user: samm
2025-04-15 12:31:05,032 [AWT-EventQueue-0] INFO  org.Emberalive.db_access.Db_Access - Getting ticket: Ticket{ (ID: '16') (Date: '2025-04-14') (Issue: 'dfhargs') (Username: 'samm') (Status: 'InActive') (Handled By: 'Not Assigned')} for user: samm
2025-04-15 12:31:05,032 [AWT-EventQueue-0] INFO  org.Emberalive.db_access.Db_Access - Getting ticket: Ticket{ (ID: '17') (Date: '2025-04-14') (Issue: 'dngrsarea') (Username: 'samm') (Status: 'Active') (Handled By: 'Sophia')} for user: samm
2025-04-15 12:35:08,505 [main] INFO  org.Emberalive.db_access.Db_Access - Database connection established!
2025-04-15 12:35:08,506 [main] INFO  org.Emberalive.dataStructures.bucket.Bucket_Queue - Filling Tickets from the Database
2025-04-15 12:35:08,520 [main] INFO  org.Emberalive.dataStructures.bucket.Simple_Queue - Enqueued ticket: Ticket{ (ID: '11') (Date: '2025-04-14') (Issue: 'osjbgiows') (Username: 'samm') (Status: 'Active') (Handled By: 'Mia')}
2025-04-15 12:35:08,520 [main] INFO  org.Emberalive.dataStructures.bucket.Simple_Queue - Enqueued ticket: Ticket{ (ID: '12') (Date: '2025-04-14') (Issue: 'dfhnaeht') (Username: 'samm') (Status: 'Active') (Handled By: 'Lucas')}
2025-04-15 12:35:08,520 [main] INFO  org.Emberalive.dataStructures.bucket.Simple_Queue - Enqueued ticket: Ticket{ (ID: '13') (Date: '2025-04-14') (Issue: 'DFHAFDRSHFDS') (Username: 'samm') (Status: 'InActive') (Handled By: 'Not Assigned')}
2025-04-15 12:35:08,521 [main] INFO  org.Emberalive.dataStructures.bucket.Simple_Queue - Enqueued ticket: Ticket{ (ID: '15') (Date: '2025-04-14') (Issue: 'zdfhhvddf') (Username: 'samm') (Status: 'InActive') (Handled By: 'Not Assigned')}
2025-04-15 12:35:08,521 [main] INFO  org.Emberalive.dataStructures.bucket.Simple_Queue - Enqueued ticket: Ticket{ (ID: '16') (Date: '2025-04-14') (Issue: 'dfhargs') (Username: 'samm') (Status: 'InActive') (Handled By: 'Not Assigned')}
2025-04-15 12:35:08,521 [main] INFO  org.Emberalive.dataStructures.bucket.Simple_Queue - Enqueued ticket: Ticket{ (ID: '17') (Date: '2025-04-14') (Issue: 'dngrsarea') (Username: 'samm') (Status: 'Active') (Handled By: 'Sophia')}
2025-04-15 12:35:11,765 [AWT-EventQueue-0] INFO  org.Emberalive.login.LoginModel - Login attempt for User: samm
2025-04-15 12:35:11,856 [AWT-EventQueue-0] INFO  org.Emberalive.db_access.Db_Access - Database connection established!
2025-04-15 12:35:11,866 [AWT-EventQueue-0] INFO  org.Emberalive.login.LoginModel - Verifying User: samm
2025-04-15 12:35:12,095 [AWT-EventQueue-0] INFO  org.Emberalive.login.LoginModel - Login successful
2025-04-15 12:35:12,095 [AWT-EventQueue-0] INFO  org.Emberalive.login.LoginModel - Opening User: samm's Account
2025-04-15 12:35:12,166 [AWT-EventQueue-0] INFO  org.Emberalive.db_access.Db_Access - Database connection established!
2025-04-15 12:35:12,167 [AWT-EventQueue-0] INFO  org.Emberalive.db_access.Db_Access - Getting user tickets from the Database
2025-04-15 12:35:12,175 [AWT-EventQueue-0] INFO  org.Emberalive.db_access.Db_Access - Moving tickets to the userView
2025-04-15 12:35:12,175 [AWT-EventQueue-0] INFO  org.Emberalive.db_access.Db_Access - Getting ticket: Ticket{ (ID: '1') (Date: '2025-04-14') (Issue: 'aegsddgsA') (Username: 'samm') (Status: 'Complete') (Handled By: 'Olivia')} for user: samm
2025-04-15 12:35:12,175 [AWT-EventQueue-0] INFO  org.Emberalive.db_access.Db_Access - Getting ticket: Ticket{ (ID: '2') (Date: '2025-04-14') (Issue: 'SDFAGASGA') (Username: 'samm') (Status: 'Complete') (Handled By: 'Olivia')} for user: samm
2025-04-15 12:35:12,176 [AWT-EventQueue-0] INFO  org.Emberalive.db_access.Db_Access - Getting ticket: Ticket{ (ID: '3') (Date: '2025-04-14') (Issue: 'treheaefd') (Username: 'samm') (Status: 'Complete') (Handled By: 'Olivia')} for user: samm
2025-04-15 12:35:12,176 [AWT-EventQueue-0] INFO  org.Emberalive.db_access.Db_Access - Getting ticket: Ticket{ (ID: '4') (Date: '2025-04-14') (Issue: 'erthrsdzg') (Username: 'samm') (Status: 'Complete') (Handled By: 'Olivia')} for user: samm
2025-04-15 12:35:12,176 [AWT-EventQueue-0] INFO  org.Emberalive.db_access.Db_Access - Getting ticket: Ticket{ (ID: '6') (Date: '2025-04-14') (Issue: 'srfjtgh4rw4') (Username: 'samm') (Status: 'Complete') (Handled By: 'Olivia')} for user: samm
2025-04-15 12:35:12,176 [AWT-EventQueue-0] INFO  org.Emberalive.db_access.Db_Access - Getting ticket: Ticket{ (ID: '8') (Date: '2025-04-14') (Issue: 'rthfghsf') (Username: 'samm') (Status: 'Complete') (Handled By: 'Olivia')} for user: samm
2025-04-15 12:35:12,176 [AWT-EventQueue-0] INFO  org.Emberalive.db_access.Db_Access - Getting ticket: Ticket{ (ID: '9') (Date: '2025-04-14') (Issue: 'blah blah ') (Username: 'samm') (Status: 'Complete') (Handled By: 'Olivia')} for user: samm
2025-04-15 12:35:12,176 [AWT-EventQueue-0] INFO  org.Emberalive.db_access.Db_Access - Getting ticket: Ticket{ (ID: '10') (Date: '2025-04-14') (Issue: 'iduhb9aediubg') (Username: 'samm') (Status: 'Complete') (Handled By: 'Olivia')} for user: samm
2025-04-15 12:35:12,176 [AWT-EventQueue-0] INFO  org.Emberalive.db_access.Db_Access - Getting ticket: Ticket{ (ID: '11') (Date: '2025-04-14') (Issue: 'osjbgiows') (Username: 'samm') (Status: 'Active') (Handled By: 'Mia')} for user: samm
2025-04-15 12:35:12,176 [AWT-EventQueue-0] INFO  org.Emberalive.db_access.Db_Access - Getting ticket: Ticket{ (ID: '12') (Date: '2025-04-14') (Issue: 'dfhnaeht') (Username: 'samm') (Status: 'Active') (Handled By: 'Lucas')} for user: samm
2025-04-15 12:35:12,176 [AWT-EventQueue-0] INFO  org.Emberalive.db_access.Db_Access - Getting ticket: Ticket{ (ID: '13') (Date: '2025-04-14') (Issue: 'DFHAFDRSHFDS') (Username: 'samm') (Status: 'InActive') (Handled By: 'Not Assigned')} for user: samm
2025-04-15 12:35:12,177 [AWT-EventQueue-0] INFO  org.Emberalive.db_access.Db_Access - Getting ticket: Ticket{ (ID: '14') (Date: '2025-04-14') (Issue: 'dfhafhaqd') (Username: 'samm') (Status: 'Complete') (Handled By: 'Lucas')} for user: samm
2025-04-15 12:35:12,177 [AWT-EventQueue-0] INFO  org.Emberalive.db_access.Db_Access - Getting ticket: Ticket{ (ID: '15') (Date: '2025-04-14') (Issue: 'zdfhhvddf') (Username: 'samm') (Status: 'InActive') (Handled By: 'Not Assigned')} for user: samm
2025-04-15 12:35:12,177 [AWT-EventQueue-0] INFO  org.Emberalive.db_access.Db_Access - Getting ticket: Ticket{ (ID: '16') (Date: '2025-04-14') (Issue: 'dfhargs') (Username: 'samm') (Status: 'InActive') (Handled By: 'Not Assigned')} for user: samm
2025-04-15 12:35:12,177 [AWT-EventQueue-0] INFO  org.Emberalive.db_access.Db_Access - Getting ticket: Ticket{ (ID: '17') (Date: '2025-04-14') (Issue: 'dngrsarea') (Username: 'samm') (Status: 'Active') (Handled By: 'Sophia')} for user: samm
2025-04-15 12:35:13,420 [AWT-EventQueue-0] INFO  org.Emberalive.db_access.Db_Access - Database connection established!
2025-04-15 12:35:13,439 [AWT-EventQueue-0] INFO  org.Emberalive.user.UserView - Opening delete ticket confirmation
2025-04-15 12:35:17,910 [AWT-EventQueue-0] INFO  org.Emberalive.db_access.Db_Access - Database connection established!
2025-04-15 12:35:17,910 [AWT-EventQueue-0] INFO  org.Emberalive.user.DeleteTicket.DeleteTicketModel - Attempting to deleting ticket: 6
2025-04-15 12:35:17,927 [AWT-EventQueue-0] INFO  org.Emberalive.user.DeleteTicket.DeleteTicketModel - Ticket 6 has been deleted
2025-04-15 12:35:18,016 [AWT-EventQueue-0] INFO  org.Emberalive.db_access.Db_Access - Database connection established!
2025-04-15 12:35:18,022 [AWT-EventQueue-0] INFO  org.Emberalive.user.DeleteTicket.DeleteTicketModel - No ticket found with ID: 6 for user: samm
2025-04-15 12:35:20,307 [AWT-EventQueue-0] INFO  org.Emberalive.db_access.Db_Access - Database connection established!
2025-04-15 12:35:20,307 [AWT-EventQueue-0] INFO  org.Emberalive.db_access.Db_Access - Getting user tickets from the Database
2025-04-15 12:35:20,315 [AWT-EventQueue-0] INFO  org.Emberalive.db_access.Db_Access - Moving tickets to the userView
2025-04-15 12:35:20,315 [AWT-EventQueue-0] INFO  org.Emberalive.db_access.Db_Access - Getting ticket: Ticket{ (ID: '1') (Date: '2025-04-14') (Issue: 'aegsddgsA') (Username: 'samm') (Status: 'Complete') (Handled By: 'Olivia')} for user: samm
2025-04-15 12:35:20,315 [AWT-EventQueue-0] INFO  org.Emberalive.db_access.Db_Access - Getting ticket: Ticket{ (ID: '2') (Date: '2025-04-14') (Issue: 'SDFAGASGA') (Username: 'samm') (Status: 'Complete') (Handled By: 'Olivia')} for user: samm
2025-04-15 12:35:20,315 [AWT-EventQueue-0] INFO  org.Emberalive.db_access.Db_Access - Getting ticket: Ticket{ (ID: '3') (Date: '2025-04-14') (Issue: 'treheaefd') (Username: 'samm') (Status: 'Complete') (Handled By: 'Olivia')} for user: samm
2025-04-15 12:35:20,316 [AWT-EventQueue-0] INFO  org.Emberalive.db_access.Db_Access - Getting ticket: Ticket{ (ID: '4') (Date: '2025-04-14') (Issue: 'erthrsdzg') (Username: 'samm') (Status: 'Complete') (Handled By: 'Olivia')} for user: samm
2025-04-15 12:35:20,316 [AWT-EventQueue-0] INFO  org.Emberalive.db_access.Db_Access - Getting ticket: Ticket{ (ID: '8') (Date: '2025-04-14') (Issue: 'rthfghsf') (Username: 'samm') (Status: 'Complete') (Handled By: 'Olivia')} for user: samm
2025-04-15 12:35:20,316 [AWT-EventQueue-0] INFO  org.Emberalive.db_access.Db_Access - Getting ticket: Ticket{ (ID: '9') (Date: '2025-04-14') (Issue: 'blah blah ') (Username: 'samm') (Status: 'Complete') (Handled By: 'Olivia')} for user: samm
2025-04-15 12:35:20,316 [AWT-EventQueue-0] INFO  org.Emberalive.db_access.Db_Access - Getting ticket: Ticket{ (ID: '10') (Date: '2025-04-14') (Issue: 'iduhb9aediubg') (Username: 'samm') (Status: 'Complete') (Handled By: 'Olivia')} for user: samm
2025-04-15 12:35:20,316 [AWT-EventQueue-0] INFO  org.Emberalive.db_access.Db_Access - Getting ticket: Ticket{ (ID: '11') (Date: '2025-04-14') (Issue: 'osjbgiows') (Username: 'samm') (Status: 'Active') (Handled By: 'Mia')} for user: samm
2025-04-15 12:35:20,316 [AWT-EventQueue-0] INFO  org.Emberalive.db_access.Db_Access - Getting ticket: Ticket{ (ID: '12') (Date: '2025-04-14') (Issue: 'dfhnaeht') (Username: 'samm') (Status: 'Active') (Handled By: 'Lucas')} for user: samm
2025-04-15 12:35:20,317 [AWT-EventQueue-0] INFO  org.Emberalive.db_access.Db_Access - Getting ticket: Ticket{ (ID: '13') (Date: '2025-04-14') (Issue: 'DFHAFDRSHFDS') (Username: 'samm') (Status: 'InActive') (Handled By: 'Not Assigned')} for user: samm
2025-04-15 12:35:20,317 [AWT-EventQueue-0] INFO  org.Emberalive.db_access.Db_Access - Getting ticket: Ticket{ (ID: '14') (Date: '2025-04-14') (Issue: 'dfhafhaqd') (Username: 'samm') (Status: 'Complete') (Handled By: 'Lucas')} for user: samm
2025-04-15 12:35:20,317 [AWT-EventQueue-0] INFO  org.Emberalive.db_access.Db_Access - Getting ticket: Ticket{ (ID: '15') (Date: '2025-04-14') (Issue: 'zdfhhvddf') (Username: 'samm') (Status: 'InActive') (Handled By: 'Not Assigned')} for user: samm
2025-04-15 12:35:20,317 [AWT-EventQueue-0] INFO  org.Emberalive.db_access.Db_Access - Getting ticket: Ticket{ (ID: '16') (Date: '2025-04-14') (Issue: 'dfhargs') (Username: 'samm') (Status: 'InActive') (Handled By: 'Not Assigned')} for user: samm
2025-04-15 12:35:20,317 [AWT-EventQueue-0] INFO  org.Emberalive.db_access.Db_Access - Getting ticket: Ticket{ (ID: '17') (Date: '2025-04-14') (Issue: 'dngrsarea') (Username: 'samm') (Status: 'Active') (Handled By: 'Sophia')} for user: samm
2025-04-15 12:35:21,373 [AWT-EventQueue-0] INFO  org.Emberalive.db_access.Db_Access - Database connection established!
2025-04-15 12:45:55,356 [main] INFO  org.Emberalive.db_access.Db_Access - Database connection established!
2025-04-15 12:45:55,357 [main] INFO  org.Emberalive.dataStructures.bucket.Bucket_Queue - Filling Tickets from the Database
2025-04-15 12:45:55,372 [main] INFO  org.Emberalive.dataStructures.bucket.Simple_Queue - Enqueued ticket: Ticket{ (ID: '11') (Date: '2025-04-14') (Issue: 'osjbgiows') (Username: 'samm') (Status: 'Active') (Handled By: 'Mia')}
2025-04-15 12:45:55,372 [main] INFO  org.Emberalive.dataStructures.bucket.Simple_Queue - Enqueued ticket: Ticket{ (ID: '12') (Date: '2025-04-14') (Issue: 'dfhnaeht') (Username: 'samm') (Status: 'Active') (Handled By: 'Lucas')}
2025-04-15 12:45:55,373 [main] INFO  org.Emberalive.dataStructures.bucket.Simple_Queue - Enqueued ticket: Ticket{ (ID: '13') (Date: '2025-04-14') (Issue: 'DFHAFDRSHFDS') (Username: 'samm') (Status: 'InActive') (Handled By: 'Not Assigned')}
2025-04-15 12:45:55,373 [main] INFO  org.Emberalive.dataStructures.bucket.Simple_Queue - Enqueued ticket: Ticket{ (ID: '15') (Date: '2025-04-14') (Issue: 'zdfhhvddf') (Username: 'samm') (Status: 'InActive') (Handled By: 'Not Assigned')}
2025-04-15 12:45:55,373 [main] INFO  org.Emberalive.dataStructures.bucket.Simple_Queue - Enqueued ticket: Ticket{ (ID: '16') (Date: '2025-04-14') (Issue: 'dfhargs') (Username: 'samm') (Status: 'InActive') (Handled By: 'Not Assigned')}
2025-04-15 12:45:55,373 [main] INFO  org.Emberalive.dataStructures.bucket.Simple_Queue - Enqueued ticket: Ticket{ (ID: '17') (Date: '2025-04-14') (Issue: 'dngrsarea') (Username: 'samm') (Status: 'Active') (Handled By: 'Sophia')}
2025-04-15 12:45:58,358 [AWT-EventQueue-0] INFO  org.Emberalive.login.LoginModel - Login attempt for User: samm
2025-04-15 12:45:58,452 [AWT-EventQueue-0] INFO  org.Emberalive.db_access.Db_Access - Database connection established!
2025-04-15 12:45:58,467 [AWT-EventQueue-0] INFO  org.Emberalive.login.LoginModel - Verifying User: samm
2025-04-15 12:45:58,692 [AWT-EventQueue-0] INFO  org.Emberalive.login.LoginModel - Login successful
2025-04-15 12:45:58,692 [AWT-EventQueue-0] INFO  org.Emberalive.login.LoginModel - Opening User: samm's Account
2025-04-15 12:45:58,791 [AWT-EventQueue-0] INFO  org.Emberalive.db_access.Db_Access - Database connection established!
2025-04-15 12:45:58,792 [AWT-EventQueue-0] INFO  org.Emberalive.db_access.Db_Access - Getting user tickets from the Database
2025-04-15 12:45:58,800 [AWT-EventQueue-0] INFO  org.Emberalive.db_access.Db_Access - Moving tickets to the userView
2025-04-15 12:45:58,800 [AWT-EventQueue-0] INFO  org.Emberalive.db_access.Db_Access - Getting ticket: Ticket{ (ID: '1') (Date: '2025-04-14') (Issue: 'aegsddgsA') (Username: 'samm') (Status: 'Complete') (Handled By: 'Olivia')} for user: samm
2025-04-15 12:45:58,800 [AWT-EventQueue-0] INFO  org.Emberalive.db_access.Db_Access - Getting ticket: Ticket{ (ID: '2') (Date: '2025-04-14') (Issue: 'SDFAGASGA') (Username: 'samm') (Status: 'Complete') (Handled By: 'Olivia')} for user: samm
2025-04-15 12:45:58,800 [AWT-EventQueue-0] INFO  org.Emberalive.db_access.Db_Access - Getting ticket: Ticket{ (ID: '3') (Date: '2025-04-14') (Issue: 'treheaefd') (Username: 'samm') (Status: 'Complete') (Handled By: 'Olivia')} for user: samm
2025-04-15 12:45:58,800 [AWT-EventQueue-0] INFO  org.Emberalive.db_access.Db_Access - Getting ticket: Ticket{ (ID: '4') (Date: '2025-04-14') (Issue: 'erthrsdzg') (Username: 'samm') (Status: 'Complete') (Handled By: 'Olivia')} for user: samm
2025-04-15 12:45:58,800 [AWT-EventQueue-0] INFO  org.Emberalive.db_access.Db_Access - Getting ticket: Ticket{ (ID: '8') (Date: '2025-04-14') (Issue: 'rthfghsf') (Username: 'samm') (Status: 'Complete') (Handled By: 'Olivia')} for user: samm
2025-04-15 12:45:58,800 [AWT-EventQueue-0] INFO  org.Emberalive.db_access.Db_Access - Getting ticket: Ticket{ (ID: '9') (Date: '2025-04-14') (Issue: 'blah blah ') (Username: 'samm') (Status: 'Complete') (Handled By: 'Olivia')} for user: samm
2025-04-15 12:45:58,801 [AWT-EventQueue-0] INFO  org.Emberalive.db_access.Db_Access - Getting ticket: Ticket{ (ID: '10') (Date: '2025-04-14') (Issue: 'iduhb9aediubg') (Username: 'samm') (Status: 'Complete') (Handled By: 'Olivia')} for user: samm
2025-04-15 12:45:58,801 [AWT-EventQueue-0] INFO  org.Emberalive.db_access.Db_Access - Getting ticket: Ticket{ (ID: '11') (Date: '2025-04-14') (Issue: 'osjbgiows') (Username: 'samm') (Status: 'Active') (Handled By: 'Mia')} for user: samm
2025-04-15 12:45:58,801 [AWT-EventQueue-0] INFO  org.Emberalive.db_access.Db_Access - Getting ticket: Ticket{ (ID: '12') (Date: '2025-04-14') (Issue: 'dfhnaeht') (Username: 'samm') (Status: 'Active') (Handled By: 'Lucas')} for user: samm
2025-04-15 12:45:58,801 [AWT-EventQueue-0] INFO  org.Emberalive.db_access.Db_Access - Getting ticket: Ticket{ (ID: '13') (Date: '2025-04-14') (Issue: 'DFHAFDRSHFDS') (Username: 'samm') (Status: 'InActive') (Handled By: 'Not Assigned')} for user: samm
2025-04-15 12:45:58,801 [AWT-EventQueue-0] INFO  org.Emberalive.db_access.Db_Access - Getting ticket: Ticket{ (ID: '14') (Date: '2025-04-14') (Issue: 'dfhafhaqd') (Username: 'samm') (Status: 'Complete') (Handled By: 'Lucas')} for user: samm
2025-04-15 12:45:58,801 [AWT-EventQueue-0] INFO  org.Emberalive.db_access.Db_Access - Getting ticket: Ticket{ (ID: '15') (Date: '2025-04-14') (Issue: 'zdfhhvddf') (Username: 'samm') (Status: 'InActive') (Handled By: 'Not Assigned')} for user: samm
2025-04-15 12:45:58,801 [AWT-EventQueue-0] INFO  org.Emberalive.db_access.Db_Access - Getting ticket: Ticket{ (ID: '16') (Date: '2025-04-14') (Issue: 'dfhargs') (Username: 'samm') (Status: 'InActive') (Handled By: 'Not Assigned')} for user: samm
2025-04-15 12:45:58,801 [AWT-EventQueue-0] INFO  org.Emberalive.db_access.Db_Access - Getting ticket: Ticket{ (ID: '17') (Date: '2025-04-14') (Issue: 'dngrsarea') (Username: 'samm') (Status: 'Active') (Handled By: 'Sophia')} for user: samm
2025-04-15 12:46:00,440 [AWT-EventQueue-0] INFO  org.Emberalive.db_access.Db_Access - Database connection established!
2025-04-15 12:46:00,458 [AWT-EventQueue-0] INFO  org.Emberalive.user.UserView - Opening delete ticket confirmation
2025-04-15 12:46:02,493 [AWT-EventQueue-0] INFO  org.Emberalive.db_access.Db_Access - Database connection established!
2025-04-15 12:46:02,493 [AWT-EventQueue-0] INFO  org.Emberalive.user.DeleteTicket.DeleteTicketModel - Attempting to deleting ticket: 9
2025-04-15 12:46:02,517 [AWT-EventQueue-0] INFO  org.Emberalive.user.DeleteTicket.DeleteTicketModel - Ticket 9 has been deleted
2025-04-15 12:46:02,593 [AWT-EventQueue-0] INFO  org.Emberalive.db_access.Db_Access - Database connection established!
2025-04-15 12:46:02,600 [AWT-EventQueue-0] INFO  org.Emberalive.user.DeleteTicket.DeleteTicketModel - No ticket found with ID: 9 for user: samm
2025-04-15 12:46:03,774 [AWT-EventQueue-0] INFO  org.Emberalive.db_access.Db_Access - Database connection established!
2025-04-15 12:46:03,774 [AWT-EventQueue-0] INFO  org.Emberalive.db_access.Db_Access - Getting user tickets from the Database
2025-04-15 12:46:03,790 [AWT-EventQueue-0] INFO  org.Emberalive.db_access.Db_Access - Moving tickets to the userView
2025-04-15 12:46:03,790 [AWT-EventQueue-0] INFO  org.Emberalive.db_access.Db_Access - Getting ticket: Ticket{ (ID: '1') (Date: '2025-04-14') (Issue: 'aegsddgsA') (Username: 'samm') (Status: 'Complete') (Handled By: 'Olivia')} for user: samm
2025-04-15 12:46:03,791 [AWT-EventQueue-0] INFO  org.Emberalive.db_access.Db_Access - Getting ticket: Ticket{ (ID: '2') (Date: '2025-04-14') (Issue: 'SDFAGASGA') (Username: 'samm') (Status: 'Complete') (Handled By: 'Olivia')} for user: samm
2025-04-15 12:46:03,791 [AWT-EventQueue-0] INFO  org.Emberalive.db_access.Db_Access - Getting ticket: Ticket{ (ID: '3') (Date: '2025-04-14') (Issue: 'treheaefd') (Username: 'samm') (Status: 'Complete') (Handled By: 'Olivia')} for user: samm
2025-04-15 12:46:03,791 [AWT-EventQueue-0] INFO  org.Emberalive.db_access.Db_Access - Getting ticket: Ticket{ (ID: '4') (Date: '2025-04-14') (Issue: 'erthrsdzg') (Username: 'samm') (Status: 'Complete') (Handled By: 'Olivia')} for user: samm
2025-04-15 12:46:03,791 [AWT-EventQueue-0] INFO  org.Emberalive.db_access.Db_Access - Getting ticket: Ticket{ (ID: '8') (Date: '2025-04-14') (Issue: 'rthfghsf') (Username: 'samm') (Status: 'Complete') (Handled By: 'Olivia')} for user: samm
2025-04-15 12:46:03,791 [AWT-EventQueue-0] INFO  org.Emberalive.db_access.Db_Access - Getting ticket: Ticket{ (ID: '10') (Date: '2025-04-14') (Issue: 'iduhb9aediubg') (Username: 'samm') (Status: 'Complete') (Handled By: 'Olivia')} for user: samm
2025-04-15 12:46:03,791 [AWT-EventQueue-0] INFO  org.Emberalive.db_access.Db_Access - Getting ticket: Ticket{ (ID: '11') (Date: '2025-04-14') (Issue: 'osjbgiows') (Username: 'samm') (Status: 'Active') (Handled By: 'Mia')} for user: samm
2025-04-15 12:46:03,791 [AWT-EventQueue-0] INFO  org.Emberalive.db_access.Db_Access - Getting ticket: Ticket{ (ID: '12') (Date: '2025-04-14') (Issue: 'dfhnaeht') (Username: 'samm') (Status: 'Active') (Handled By: 'Lucas')} for user: samm
2025-04-15 12:46:03,791 [AWT-EventQueue-0] INFO  org.Emberalive.db_access.Db_Access - Getting ticket: Ticket{ (ID: '13') (Date: '2025-04-14') (Issue: 'DFHAFDRSHFDS') (Username: 'samm') (Status: 'InActive') (Handled By: 'Not Assigned')} for user: samm
2025-04-15 12:46:03,791 [AWT-EventQueue-0] INFO  org.Emberalive.db_access.Db_Access - Getting ticket: Ticket{ (ID: '14') (Date: '2025-04-14') (Issue: 'dfhafhaqd') (Username: 'samm') (Status: 'Complete') (Handled By: 'Lucas')} for user: samm
2025-04-15 12:46:03,792 [AWT-EventQueue-0] INFO  org.Emberalive.db_access.Db_Access - Getting ticket: Ticket{ (ID: '15') (Date: '2025-04-14') (Issue: 'zdfhhvddf') (Username: 'samm') (Status: 'InActive') (Handled By: 'Not Assigned')} for user: samm
2025-04-15 12:46:03,792 [AWT-EventQueue-0] INFO  org.Emberalive.db_access.Db_Access - Getting ticket: Ticket{ (ID: '16') (Date: '2025-04-14') (Issue: 'dfhargs') (Username: 'samm') (Status: 'InActive') (Handled By: 'Not Assigned')} for user: samm
2025-04-15 12:46:03,792 [AWT-EventQueue-0] INFO  org.Emberalive.db_access.Db_Access - Getting ticket: Ticket{ (ID: '17') (Date: '2025-04-14') (Issue: 'dngrsarea') (Username: 'samm') (Status: 'Active') (Handled By: 'Sophia')} for user: samm
2025-04-15 12:46:25,407 [AWT-EventQueue-0] INFO  org.Emberalive.db_access.Db_Access - Database connection established!
2025-04-15 12:46:28,188 [AWT-EventQueue-0] INFO  org.Emberalive.db_access.Db_Access - Database connection established!
2025-04-15 12:46:28,203 [AWT-EventQueue-0] INFO  org.Emberalive.user.UserView - Opening delete ticket confirmation
2025-04-15 12:46:33,350 [AWT-EventQueue-0] INFO  org.Emberalive.db_access.Db_Access - Database connection established!
2025-04-15 12:46:33,350 [AWT-EventQueue-0] INFO  org.Emberalive.user.DeleteTicket.DeleteTicketModel - Attempting to deleting ticket: 10
2025-04-15 12:46:33,377 [AWT-EventQueue-0] INFO  org.Emberalive.user.DeleteTicket.DeleteTicketModel - Ticket 10 has been deleted
2025-04-15 12:46:33,461 [AWT-EventQueue-0] INFO  org.Emberalive.db_access.Db_Access - Database connection established!
2025-04-15 12:46:33,467 [AWT-EventQueue-0] INFO  org.Emberalive.user.DeleteTicket.DeleteTicketModel - No ticket found with ID: 10 for user: samm
2025-04-15 12:46:35,626 [AWT-EventQueue-0] INFO  org.Emberalive.db_access.Db_Access - Database connection established!
2025-04-15 12:46:35,626 [AWT-EventQueue-0] INFO  org.Emberalive.db_access.Db_Access - Getting user tickets from the Database
2025-04-15 12:46:35,644 [AWT-EventQueue-0] INFO  org.Emberalive.db_access.Db_Access - Moving tickets to the userView
2025-04-15 12:46:35,645 [AWT-EventQueue-0] INFO  org.Emberalive.db_access.Db_Access - Getting ticket: Ticket{ (ID: '1') (Date: '2025-04-14') (Issue: 'aegsddgsA') (Username: 'samm') (Status: 'Complete') (Handled By: 'Olivia')} for user: samm
2025-04-15 12:46:35,645 [AWT-EventQueue-0] INFO  org.Emberalive.db_access.Db_Access - Getting ticket: Ticket{ (ID: '2') (Date: '2025-04-14') (Issue: 'SDFAGASGA') (Username: 'samm') (Status: 'Complete') (Handled By: 'Olivia')} for user: samm
2025-04-15 12:46:35,645 [AWT-EventQueue-0] INFO  org.Emberalive.db_access.Db_Access - Getting ticket: Ticket{ (ID: '3') (Date: '2025-04-14') (Issue: 'treheaefd') (Username: 'samm') (Status: 'Complete') (Handled By: 'Olivia')} for user: samm
2025-04-15 12:46:35,645 [AWT-EventQueue-0] INFO  org.Emberalive.db_access.Db_Access - Getting ticket: Ticket{ (ID: '4') (Date: '2025-04-14') (Issue: 'erthrsdzg') (Username: 'samm') (Status: 'Complete') (Handled By: 'Olivia')} for user: samm
2025-04-15 12:46:35,645 [AWT-EventQueue-0] INFO  org.Emberalive.db_access.Db_Access - Getting ticket: Ticket{ (ID: '8') (Date: '2025-04-14') (Issue: 'rthfghsf') (Username: 'samm') (Status: 'Complete') (Handled By: 'Olivia')} for user: samm
2025-04-15 12:46:35,645 [AWT-EventQueue-0] INFO  org.Emberalive.db_access.Db_Access - Getting ticket: Ticket{ (ID: '11') (Date: '2025-04-14') (Issue: 'osjbgiows') (Username: 'samm') (Status: 'Active') (Handled By: 'Mia')} for user: samm
2025-04-15 12:46:35,646 [AWT-EventQueue-0] INFO  org.Emberalive.db_access.Db_Access - Getting ticket: Ticket{ (ID: '12') (Date: '2025-04-14') (Issue: 'dfhnaeht') (Username: 'samm') (Status: 'Active') (Handled By: 'Lucas')} for user: samm
2025-04-15 12:46:35,646 [AWT-EventQueue-0] INFO  org.Emberalive.db_access.Db_Access - Getting ticket: Ticket{ (ID: '13') (Date: '2025-04-14') (Issue: 'DFHAFDRSHFDS') (Username: 'samm') (Status: 'InActive') (Handled By: 'Not Assigned')} for user: samm
2025-04-15 12:46:35,646 [AWT-EventQueue-0] INFO  org.Emberalive.db_access.Db_Access - Getting ticket: Ticket{ (ID: '14') (Date: '2025-04-14') (Issue: 'dfhafhaqd') (Username: 'samm') (Status: 'Complete') (Handled By: 'Lucas')} for user: samm
2025-04-15 12:46:35,646 [AWT-EventQueue-0] INFO  org.Emberalive.db_access.Db_Access - Getting ticket: Ticket{ (ID: '15') (Date: '2025-04-14') (Issue: 'zdfhhvddf') (Username: 'samm') (Status: 'InActive') (Handled By: 'Not Assigned')} for user: samm
2025-04-15 12:46:35,646 [AWT-EventQueue-0] INFO  org.Emberalive.db_access.Db_Access - Getting ticket: Ticket{ (ID: '16') (Date: '2025-04-14') (Issue: 'dfhargs') (Username: 'samm') (Status: 'InActive') (Handled By: 'Not Assigned')} for user: samm
2025-04-15 12:46:35,646 [AWT-EventQueue-0] INFO  org.Emberalive.db_access.Db_Access - Getting ticket: Ticket{ (ID: '17') (Date: '2025-04-14') (Issue: 'dngrsarea') (Username: 'samm') (Status: 'Active') (Handled By: 'Sophia')} for user: samm
2025-04-15 12:46:38,308 [AWT-EventQueue-0] INFO  org.Emberalive.db_access.Db_Access - Database connection established!
2025-04-15 12:46:38,324 [AWT-EventQueue-0] INFO  org.Emberalive.user.UserView - Opening delete ticket confirmation
2025-04-15 12:46:39,413 [AWT-EventQueue-0] INFO  org.Emberalive.db_access.Db_Access - Database connection established!
2025-04-15 12:46:39,413 [AWT-EventQueue-0] INFO  org.Emberalive.user.DeleteTicket.DeleteTicketModel - Attempting to deleting ticket: 14
2025-04-15 12:46:39,438 [AWT-EventQueue-0] INFO  org.Emberalive.user.DeleteTicket.DeleteTicketModel - Ticket 14 has been deleted
2025-04-15 12:46:39,516 [AWT-EventQueue-0] INFO  org.Emberalive.db_access.Db_Access - Database connection established!
2025-04-15 12:46:39,521 [AWT-EventQueue-0] INFO  org.Emberalive.user.DeleteTicket.DeleteTicketModel - No ticket found with ID: 14 for user: samm
2025-04-15 12:46:40,725 [AWT-EventQueue-0] INFO  org.Emberalive.db_access.Db_Access - Database connection established!
2025-04-15 12:46:40,725 [AWT-EventQueue-0] INFO  org.Emberalive.db_access.Db_Access - Getting user tickets from the Database
2025-04-15 12:46:40,734 [AWT-EventQueue-0] INFO  org.Emberalive.db_access.Db_Access - Moving tickets to the userView
2025-04-15 12:46:40,734 [AWT-EventQueue-0] INFO  org.Emberalive.db_access.Db_Access - Getting ticket: Ticket{ (ID: '1') (Date: '2025-04-14') (Issue: 'aegsddgsA') (Username: 'samm') (Status: 'Complete') (Handled By: 'Olivia')} for user: samm
2025-04-15 12:46:40,734 [AWT-EventQueue-0] INFO  org.Emberalive.db_access.Db_Access - Getting ticket: Ticket{ (ID: '2') (Date: '2025-04-14') (Issue: 'SDFAGASGA') (Username: 'samm') (Status: 'Complete') (Handled By: 'Olivia')} for user: samm
2025-04-15 12:46:40,734 [AWT-EventQueue-0] INFO  org.Emberalive.db_access.Db_Access - Getting ticket: Ticket{ (ID: '3') (Date: '2025-04-14') (Issue: 'treheaefd') (Username: 'samm') (Status: 'Complete') (Handled By: 'Olivia')} for user: samm
2025-04-15 12:46:40,734 [AWT-EventQueue-0] INFO  org.Emberalive.db_access.Db_Access - Getting ticket: Ticket{ (ID: '4') (Date: '2025-04-14') (Issue: 'erthrsdzg') (Username: 'samm') (Status: 'Complete') (Handled By: 'Olivia')} for user: samm
2025-04-15 12:46:40,734 [AWT-EventQueue-0] INFO  org.Emberalive.db_access.Db_Access - Getting ticket: Ticket{ (ID: '8') (Date: '2025-04-14') (Issue: 'rthfghsf') (Username: 'samm') (Status: 'Complete') (Handled By: 'Olivia')} for user: samm
2025-04-15 12:46:40,734 [AWT-EventQueue-0] INFO  org.Emberalive.db_access.Db_Access - Getting ticket: Ticket{ (ID: '11') (Date: '2025-04-14') (Issue: 'osjbgiows') (Username: 'samm') (Status: 'Active') (Handled By: 'Mia')} for user: samm
2025-04-15 12:46:40,735 [AWT-EventQueue-0] INFO  org.Emberalive.db_access.Db_Access - Getting ticket: Ticket{ (ID: '12') (Date: '2025-04-14') (Issue: 'dfhnaeht') (Username: 'samm') (Status: 'Active') (Handled By: 'Lucas')} for user: samm
2025-04-15 12:46:40,735 [AWT-EventQueue-0] INFO  org.Emberalive.db_access.Db_Access - Getting ticket: Ticket{ (ID: '13') (Date: '2025-04-14') (Issue: 'DFHAFDRSHFDS') (Username: 'samm') (Status: 'InActive') (Handled By: 'Not Assigned')} for user: samm
2025-04-15 12:46:40,735 [AWT-EventQueue-0] INFO  org.Emberalive.db_access.Db_Access - Getting ticket: Ticket{ (ID: '15') (Date: '2025-04-14') (Issue: 'zdfhhvddf') (Username: 'samm') (Status: 'InActive') (Handled By: 'Not Assigned')} for user: samm
2025-04-15 12:46:40,735 [AWT-EventQueue-0] INFO  org.Emberalive.db_access.Db_Access - Getting ticket: Ticket{ (ID: '16') (Date: '2025-04-14') (Issue: 'dfhargs') (Username: 'samm') (Status: 'InActive') (Handled By: 'Not Assigned')} for user: samm
2025-04-15 12:46:40,735 [AWT-EventQueue-0] INFO  org.Emberalive.db_access.Db_Access - Getting ticket: Ticket{ (ID: '17') (Date: '2025-04-14') (Issue: 'dngrsarea') (Username: 'samm') (Status: 'Active') (Handled By: 'Sophia')} for user: samm
2025-04-15 12:47:27,383 [main] INFO  org.Emberalive.db_access.Db_Access - Database connection established!
2025-04-15 12:47:27,384 [main] INFO  org.Emberalive.dataStructures.bucket.Bucket_Queue - Filling Tickets from the Database
2025-04-15 12:47:27,398 [main] INFO  org.Emberalive.dataStructures.bucket.Simple_Queue - Enqueued ticket: Ticket{ (ID: '11') (Date: '2025-04-14') (Issue: 'osjbgiows') (Username: 'samm') (Status: 'Active') (Handled By: 'Mia')}
2025-04-15 12:47:27,398 [main] INFO  org.Emberalive.dataStructures.bucket.Simple_Queue - Enqueued ticket: Ticket{ (ID: '12') (Date: '2025-04-14') (Issue: 'dfhnaeht') (Username: 'samm') (Status: 'Active') (Handled By: 'Lucas')}
2025-04-15 12:47:27,398 [main] INFO  org.Emberalive.dataStructures.bucket.Simple_Queue - Enqueued ticket: Ticket{ (ID: '13') (Date: '2025-04-14') (Issue: 'DFHAFDRSHFDS') (Username: 'samm') (Status: 'InActive') (Handled By: 'Not Assigned')}
2025-04-15 12:47:27,398 [main] INFO  org.Emberalive.dataStructures.bucket.Simple_Queue - Enqueued ticket: Ticket{ (ID: '15') (Date: '2025-04-14') (Issue: 'zdfhhvddf') (Username: 'samm') (Status: 'InActive') (Handled By: 'Not Assigned')}
2025-04-15 12:47:27,399 [main] INFO  org.Emberalive.dataStructures.bucket.Simple_Queue - Enqueued ticket: Ticket{ (ID: '16') (Date: '2025-04-14') (Issue: 'dfhargs') (Username: 'samm') (Status: 'InActive') (Handled By: 'Not Assigned')}
2025-04-15 12:47:27,399 [main] INFO  org.Emberalive.dataStructures.bucket.Simple_Queue - Enqueued ticket: Ticket{ (ID: '17') (Date: '2025-04-14') (Issue: 'dngrsarea') (Username: 'samm') (Status: 'Active') (Handled By: 'Sophia')}
2025-04-15 12:47:32,758 [AWT-EventQueue-0] INFO  org.Emberalive.login.LoginModel - Login attempt for User: samm
2025-04-15 12:47:32,856 [AWT-EventQueue-0] INFO  org.Emberalive.db_access.Db_Access - Database connection established!
2025-04-15 12:47:32,872 [AWT-EventQueue-0] INFO  org.Emberalive.login.LoginModel - Verifying User: samm
2025-04-15 12:47:33,100 [AWT-EventQueue-0] INFO  org.Emberalive.login.LoginModel - Login successful
2025-04-15 12:47:33,100 [AWT-EventQueue-0] INFO  org.Emberalive.login.LoginModel - Opening User: samm's Account
2025-04-15 12:47:33,202 [AWT-EventQueue-0] INFO  org.Emberalive.db_access.Db_Access - Database connection established!
2025-04-15 12:47:33,202 [AWT-EventQueue-0] INFO  org.Emberalive.db_access.Db_Access - Getting user tickets from the Database
2025-04-15 12:47:33,212 [AWT-EventQueue-0] INFO  org.Emberalive.db_access.Db_Access - Moving tickets to the userView
2025-04-15 12:47:33,212 [AWT-EventQueue-0] INFO  org.Emberalive.db_access.Db_Access - Getting ticket: Ticket{ (ID: '1') (Date: '2025-04-14') (Issue: 'aegsddgsA') (Username: 'samm') (Status: 'Complete') (Handled By: 'Olivia')} for user: samm
2025-04-15 12:47:33,212 [AWT-EventQueue-0] INFO  org.Emberalive.db_access.Db_Access - Getting ticket: Ticket{ (ID: '2') (Date: '2025-04-14') (Issue: 'SDFAGASGA') (Username: 'samm') (Status: 'Complete') (Handled By: 'Olivia')} for user: samm
2025-04-15 12:47:33,212 [AWT-EventQueue-0] INFO  org.Emberalive.db_access.Db_Access - Getting ticket: Ticket{ (ID: '3') (Date: '2025-04-14') (Issue: 'treheaefd') (Username: 'samm') (Status: 'Complete') (Handled By: 'Olivia')} for user: samm
2025-04-15 12:47:33,212 [AWT-EventQueue-0] INFO  org.Emberalive.db_access.Db_Access - Getting ticket: Ticket{ (ID: '4') (Date: '2025-04-14') (Issue: 'erthrsdzg') (Username: 'samm') (Status: 'Complete') (Handled By: 'Olivia')} for user: samm
2025-04-15 12:47:33,213 [AWT-EventQueue-0] INFO  org.Emberalive.db_access.Db_Access - Getting ticket: Ticket{ (ID: '8') (Date: '2025-04-14') (Issue: 'rthfghsf') (Username: 'samm') (Status: 'Complete') (Handled By: 'Olivia')} for user: samm
2025-04-15 12:47:33,213 [AWT-EventQueue-0] INFO  org.Emberalive.db_access.Db_Access - Getting ticket: Ticket{ (ID: '11') (Date: '2025-04-14') (Issue: 'osjbgiows') (Username: 'samm') (Status: 'Active') (Handled By: 'Mia')} for user: samm
2025-04-15 12:47:33,213 [AWT-EventQueue-0] INFO  org.Emberalive.db_access.Db_Access - Getting ticket: Ticket{ (ID: '12') (Date: '2025-04-14') (Issue: 'dfhnaeht') (Username: 'samm') (Status: 'Active') (Handled By: 'Lucas')} for user: samm
2025-04-15 12:47:33,213 [AWT-EventQueue-0] INFO  org.Emberalive.db_access.Db_Access - Getting ticket: Ticket{ (ID: '13') (Date: '2025-04-14') (Issue: 'DFHAFDRSHFDS') (Username: 'samm') (Status: 'InActive') (Handled By: 'Not Assigned')} for user: samm
2025-04-15 12:47:33,213 [AWT-EventQueue-0] INFO  org.Emberalive.db_access.Db_Access - Getting ticket: Ticket{ (ID: '15') (Date: '2025-04-14') (Issue: 'zdfhhvddf') (Username: 'samm') (Status: 'InActive') (Handled By: 'Not Assigned')} for user: samm
2025-04-15 12:47:33,213 [AWT-EventQueue-0] INFO  org.Emberalive.db_access.Db_Access - Getting ticket: Ticket{ (ID: '16') (Date: '2025-04-14') (Issue: 'dfhargs') (Username: 'samm') (Status: 'InActive') (Handled By: 'Not Assigned')} for user: samm
2025-04-15 12:47:33,213 [AWT-EventQueue-0] INFO  org.Emberalive.db_access.Db_Access - Getting ticket: Ticket{ (ID: '17') (Date: '2025-04-14') (Issue: 'dngrsarea') (Username: 'samm') (Status: 'Active') (Handled By: 'Sophia')} for user: samm
2025-04-15 12:47:35,149 [AWT-EventQueue-0] INFO  org.Emberalive.db_access.Db_Access - Database connection established!
2025-04-15 12:47:35,168 [AWT-EventQueue-0] INFO  org.Emberalive.user.UserView - Opening delete ticket confirmation
2025-04-15 12:47:36,363 [AWT-EventQueue-0] INFO  org.Emberalive.db_access.Db_Access - Database connection established!
2025-04-15 12:47:36,363 [AWT-EventQueue-0] INFO  org.Emberalive.user.DeleteTicket.DeleteTicketModel - Attempting to deleting ticket: 1
2025-04-15 12:47:36,388 [AWT-EventQueue-0] INFO  org.Emberalive.user.DeleteTicket.DeleteTicketModel - Ticket 1 has been deleted
2025-04-15 12:47:36,470 [AWT-EventQueue-0] INFO  org.Emberalive.db_access.Db_Access - Database connection established!
2025-04-15 12:47:36,477 [AWT-EventQueue-0] INFO  org.Emberalive.user.DeleteTicket.DeleteTicketModel - No ticket found with ID: 1 for user: samm
2025-04-15 12:47:37,702 [AWT-EventQueue-0] INFO  org.Emberalive.db_access.Db_Access - Database connection established!
2025-04-15 12:47:37,703 [AWT-EventQueue-0] INFO  org.Emberalive.db_access.Db_Access - Getting user tickets from the Database
2025-04-15 12:47:37,710 [AWT-EventQueue-0] INFO  org.Emberalive.db_access.Db_Access - Moving tickets to the userView
2025-04-15 12:47:37,711 [AWT-EventQueue-0] INFO  org.Emberalive.db_access.Db_Access - Getting ticket: Ticket{ (ID: '2') (Date: '2025-04-14') (Issue: 'SDFAGASGA') (Username: 'samm') (Status: 'Complete') (Handled By: 'Olivia')} for user: samm
2025-04-15 12:47:37,711 [AWT-EventQueue-0] INFO  org.Emberalive.db_access.Db_Access - Getting ticket: Ticket{ (ID: '3') (Date: '2025-04-14') (Issue: 'treheaefd') (Username: 'samm') (Status: 'Complete') (Handled By: 'Olivia')} for user: samm
2025-04-15 12:47:37,711 [AWT-EventQueue-0] INFO  org.Emberalive.db_access.Db_Access - Getting ticket: Ticket{ (ID: '4') (Date: '2025-04-14') (Issue: 'erthrsdzg') (Username: 'samm') (Status: 'Complete') (Handled By: 'Olivia')} for user: samm
2025-04-15 12:47:37,711 [AWT-EventQueue-0] INFO  org.Emberalive.db_access.Db_Access - Getting ticket: Ticket{ (ID: '8') (Date: '2025-04-14') (Issue: 'rthfghsf') (Username: 'samm') (Status: 'Complete') (Handled By: 'Olivia')} for user: samm
2025-04-15 12:47:37,711 [AWT-EventQueue-0] INFO  org.Emberalive.db_access.Db_Access - Getting ticket: Ticket{ (ID: '11') (Date: '2025-04-14') (Issue: 'osjbgiows') (Username: 'samm') (Status: 'Active') (Handled By: 'Mia')} for user: samm
2025-04-15 12:47:37,711 [AWT-EventQueue-0] INFO  org.Emberalive.db_access.Db_Access - Getting ticket: Ticket{ (ID: '12') (Date: '2025-04-14') (Issue: 'dfhnaeht') (Username: 'samm') (Status: 'Active') (Handled By: 'Lucas')} for user: samm
2025-04-15 12:47:37,711 [AWT-EventQueue-0] INFO  org.Emberalive.db_access.Db_Access - Getting ticket: Ticket{ (ID: '13') (Date: '2025-04-14') (Issue: 'DFHAFDRSHFDS') (Username: 'samm') (Status: 'InActive') (Handled By: 'Not Assigned')} for user: samm
2025-04-15 12:47:37,711 [AWT-EventQueue-0] INFO  org.Emberalive.db_access.Db_Access - Getting ticket: Ticket{ (ID: '15') (Date: '2025-04-14') (Issue: 'zdfhhvddf') (Username: 'samm') (Status: 'InActive') (Handled By: 'Not Assigned')} for user: samm
2025-04-15 12:47:37,712 [AWT-EventQueue-0] INFO  org.Emberalive.db_access.Db_Access - Getting ticket: Ticket{ (ID: '16') (Date: '2025-04-14') (Issue: 'dfhargs') (Username: 'samm') (Status: 'InActive') (Handled By: 'Not Assigned')} for user: samm
2025-04-15 12:47:37,712 [AWT-EventQueue-0] INFO  org.Emberalive.db_access.Db_Access - Getting ticket: Ticket{ (ID: '17') (Date: '2025-04-14') (Issue: 'dngrsarea') (Username: 'samm') (Status: 'Active') (Handled By: 'Sophia')} for user: samm
