2025-04-15 22:40:34,628 [main] INFO  org.Emberalive.db_access.Db_Access - Database connection established!
2025-04-15 22:40:34,631 [main] INFO  org.Emberalive.dataStructures.bucket.Bucket_Queue - Filling Tickets from the Database
2025-04-15 22:40:38,667 [AWT-EventQueue-0] INFO  org.Emberalive.login.LoginModel - Login attempt for User: samm
2025-04-15 22:40:39,059 [AWT-EventQueue-0] INFO  org.Emberalive.db_access.Db_Access - Database connection established!
2025-04-15 22:40:39,132 [AWT-EventQueue-0] INFO  org.Emberalive.login.LoginModel - Verifying User: samm
2025-04-15 22:40:39,912 [AWT-EventQueue-0] INFO  org.Emberalive.login.LoginModel - Login successful
2025-04-15 22:40:39,912 [AWT-EventQueue-0] INFO  org.Emberalive.login.LoginModel - Opening User: samm's Account
2025-04-15 22:40:40,295 [AWT-EventQueue-0] INFO  org.Emberalive.db_access.Db_Access - Database connection established!
2025-04-15 22:40:40,295 [AWT-EventQueue-0] INFO  org.Emberalive.db_access.Db_Access - Getting user tickets from the Database
2025-04-15 22:40:47,297 [AWT-EventQueue-0] INFO  org.Emberalive.user.UserView - opening the Account page for User: samm
2025-04-15 22:40:49,799 [AWT-EventQueue-0] INFO  org.Emberalive.accountDetailsView.AccountView - Getting Account Details for user: samm
2025-04-15 22:40:50,208 [AWT-EventQueue-0] INFO  org.Emberalive.db_access.Db_Access - Database connection established!
2025-04-15 22:40:50,270 [AWT-EventQueue-0] ERROR org.Emberalive.accountDetailsView.AccountModel - Failed to get the account Details for: samm Error: org.postgresql.util.PSQLException: ERROR: relation "account_details" does not exist
  Position: 15
2025-04-15 22:40:50,325 [AWT-EventQueue-0] ERROR org.Emberalive.accountDetailsView.AccountView - Account details could not be retrieved from the Database
2025-04-15 22:41:27,571 [main] INFO  org.Emberalive.db_access.Db_Access - Database connection established!
2025-04-15 22:41:27,574 [main] INFO  org.Emberalive.dataStructures.bucket.Bucket_Queue - Filling Tickets from the Database
2025-04-15 22:41:34,943 [AWT-EventQueue-0] INFO  org.Emberalive.login.LoginModel - Login attempt for User: samm
2025-04-15 22:41:35,331 [AWT-EventQueue-0] INFO  org.Emberalive.db_access.Db_Access - Database connection established!
2025-04-15 22:41:35,405 [AWT-EventQueue-0] INFO  org.Emberalive.login.LoginModel - Verifying User: samm
2025-04-15 22:41:36,181 [AWT-EventQueue-0] INFO  org.Emberalive.login.LoginModel - Login successful
2025-04-15 22:41:36,182 [AWT-EventQueue-0] INFO  org.Emberalive.login.LoginModel - Opening User: samm's Account
2025-04-15 22:41:36,576 [AWT-EventQueue-0] INFO  org.Emberalive.db_access.Db_Access - Database connection established!
2025-04-15 22:41:36,577 [AWT-EventQueue-0] INFO  org.Emberalive.db_access.Db_Access - Getting user tickets from the Database
2025-04-15 22:41:39,829 [AWT-EventQueue-0] INFO  org.Emberalive.user.UserView - opening the Account page for User: samm
2025-04-15 22:41:40,778 [AWT-EventQueue-0] INFO  org.Emberalive.accountDetailsView.AccountView - Getting Account Details for user: samm
2025-04-15 22:41:41,158 [AWT-EventQueue-0] INFO  org.Emberalive.db_access.Db_Access - Database connection established!
2025-04-15 22:43:30,753 [main] INFO  org.Emberalive.db_access.Db_Access - Database connection established!
2025-04-15 22:43:30,756 [main] INFO  org.Emberalive.dataStructures.bucket.Bucket_Queue - Filling Tickets from the Database
2025-04-15 22:43:34,618 [AWT-EventQueue-0] INFO  org.Emberalive.login.LoginModel - Login attempt for User: samm
2025-04-15 22:43:35,006 [AWT-EventQueue-0] INFO  org.Emberalive.db_access.Db_Access - Database connection established!
2025-04-15 22:43:35,078 [AWT-EventQueue-0] INFO  org.Emberalive.login.LoginModel - Verifying User: samm
2025-04-15 22:43:35,851 [AWT-EventQueue-0] INFO  org.Emberalive.login.LoginModel - Login successful
2025-04-15 22:43:35,851 [AWT-EventQueue-0] INFO  org.Emberalive.login.LoginModel - Opening User: samm's Account
2025-04-15 22:43:36,323 [AWT-EventQueue-0] INFO  org.Emberalive.db_access.Db_Access - Database connection established!
2025-04-15 22:43:36,323 [AWT-EventQueue-0] INFO  org.Emberalive.db_access.Db_Access - Getting user tickets from the Database
2025-04-15 22:43:39,290 [AWT-EventQueue-0] INFO  org.Emberalive.user.UserView - opening the Account page for User: samm
2025-04-15 22:43:40,265 [AWT-EventQueue-0] INFO  org.Emberalive.accountDetailsView.AccountView - Getting Account Details for user: samm
2025-04-15 22:43:40,636 [AWT-EventQueue-0] INFO  org.Emberalive.db_access.Db_Access - Database connection established!
2025-04-15 22:43:59,229 [main] INFO  org.Emberalive.db_access.Db_Access - Database connection established!
2025-04-15 22:43:59,233 [main] INFO  org.Emberalive.dataStructures.bucket.Bucket_Queue - Filling Tickets from the Database
2025-04-15 22:44:04,395 [AWT-EventQueue-0] INFO  org.Emberalive.login.LoginModel - Login attempt for User: samm
2025-04-15 22:44:04,780 [AWT-EventQueue-0] INFO  org.Emberalive.db_access.Db_Access - Database connection established!
2025-04-15 22:44:04,859 [AWT-EventQueue-0] INFO  org.Emberalive.login.LoginModel - Verifying User: samm
2025-04-15 22:44:05,637 [AWT-EventQueue-0] INFO  org.Emberalive.login.LoginModel - Login successful
2025-04-15 22:44:05,638 [AWT-EventQueue-0] INFO  org.Emberalive.login.LoginModel - Opening User: samm's Account
2025-04-15 22:44:06,033 [AWT-EventQueue-0] INFO  org.Emberalive.db_access.Db_Access - Database connection established!
2025-04-15 22:44:06,033 [AWT-EventQueue-0] INFO  org.Emberalive.db_access.Db_Access - Getting user tickets from the Database
2025-04-15 22:44:10,307 [AWT-EventQueue-0] INFO  org.Emberalive.user.UserView - opening the Account page for User: samm
2025-04-15 22:44:11,487 [AWT-EventQueue-0] INFO  org.Emberalive.accountDetailsView.AccountView - Getting Account Details for user: samm
2025-04-15 22:44:11,858 [AWT-EventQueue-0] INFO  org.Emberalive.db_access.Db_Access - Database connection established!
